*** Using Compiler 'V5.06 update 7 (build 960)', folder: 'D:\keil5 stm32\core\ARM\ARMCC\Bin'
Build target 'TechRace'
compiling adc.c...
compiling spi.c...
compiling dma.c...
compiling main.c...
compiling gpio.c...
compiling can.c...
compiling I2c.c...
compiling usart.c...
compiling stm32f1xx_it.c...
compiling usb.c...
compiling KS103.c...
compiling stm32f1xx_hal_msp.c...
compiling Motor.c...
compiling tim.c...
compiling my_adc.c...
compiling my_uart.c...
compiling OLED_I2C.c...
compiling MPU6050.c...
compiling inv_mpu.c...
compiling inv_mpu_dmp_motion_driver.c...
linking...
Program Size: Code=34336 RO-data=8104 RW-data=116 ZI-data=3956  
FromELF: creating hex file...
"TechRace\TechRace.axf" - 0 Error(s), 0 Warning(s).
Build Time Elapsed:  00:00:10
